<?xml version="1.0" encoding="UTF-8"?>
<!-- Generated by org.testng.reporters.JUnitReportReporter -->
<testsuite skipped="0" hostname="DESKTOP-73G0TGN" name="screen.ScreenshotClass" tests="1" failures="0" timestamp="2022-11-19T09:49:32 IST" time="31.931" errors="0">
  <testcase name="screen" time="31.931" classname="screen.ScreenshotClass"/>
  <system-out/>
</testsuite> <!-- screen.ScreenshotClass -->
