<?xml version="1.0" encoding="UTF-8"?>
<!-- Generated by org.testng.reporters.JUnitReportReporter -->
<testsuite skipped="0" hostname="DESKTOP-73G0TGN" name="test.Grouping" tests="7" failures="0" timestamp="2022-11-14T18:37:42 IST" time="0.020" errors="0">
  <testcase name="testcaseFour" time="0.002" classname="test.Grouping"/>
  <system-out/>
  <testcase name="testcaseFive" time="0.001" classname="test.Grouping"/>
  <system-out/>
  <testcase name="testcaseOne" time="0.009" classname="test.Grouping"/>
  <system-out/>
  <testcase name="testcaseSeven" time="0.002" classname="test.Grouping"/>
  <system-out/>
  <testcase name="testcaseSix" time="0.002" classname="test.Grouping"/>
  <system-out/>
  <testcase name="testcaseTwo" time="0.002" classname="test.Grouping"/>
  <system-out/>
  <testcase name="testcaseThree" time="0.002" classname="test.Grouping"/>
  <system-out/>
</testsuite> <!-- test.Grouping -->
