<?xml version="1.0" encoding="UTF-8"?>
<!-- Generated by org.testng.reporters.JUnitReportReporter -->
<testsuite skipped="0" hostname="DESKTOP-73G0TGN" name="core.TestNGAnnotations" tests="3" failures="0" timestamp="2022-10-29T08:18:19 IST" time="0.019" errors="0">
  <testcase name="annot" time="0.007" classname="core.TestNGAnnotations"/>
  <system-out/>
  <testcase name="annott" time="0.003" classname="core.TestNGAnnotations"/>
  <system-out/>
  <testcase name="annottt" time="0.009" classname="core.TestNGAnnotations"/>
  <system-out/>
</testsuite> <!-- core.TestNGAnnotations -->
