<?xml version="1.0" encoding="UTF-8"?>
<!-- Generated by org.testng.reporters.JUnitReportReporter -->
<testsuite skipped="0" hostname="DESKTOP-73G0TGN" name="test.DependsOnMethod" tests="4" failures="0" timestamp="2022-10-30T08:27:18 IST" time="0.016" errors="0">
  <testcase name="testCaseOne" time="0.009" classname="test.DependsOnMethod"/>
  <system-out/>
  <testcase name="testCaseFour" time="0.002" classname="test.DependsOnMethod"/>
  <system-out/>
  <testcase name="testCaseTwo" time="0.004" classname="test.DependsOnMethod"/>
  <system-out/>
  <testcase name="testCaseThree" time="0.001" classname="test.DependsOnMethod"/>
  <system-out/>
</testsuite> <!-- test.DependsOnMethod -->
