<?xml version="1.0" encoding="UTF-8"?>
<!-- Generated by org.testng.reporters.JUnitReportReporter -->
<testsuite skipped="0" hostname="DESKTOP-73G0TGN" name="test.TestNGAnnotations" tests="3" failures="0" timestamp="2022-11-08T13:27:16 IST" time="0.011" errors="0">
  <testcase name="testCaseOne" time="0.005" classname="test.TestNGAnnotations"/>
  <system-out/>
  <testcase name="testCaseThree" time="0.002" classname="test.TestNGAnnotations"/>
  <system-out/>
  <testcase name="testCaseTwo" time="0.004" classname="test.TestNGAnnotations"/>
  <system-out/>
</testsuite> <!-- test.TestNGAnnotations -->
