<?xml version="1.0" encoding="UTF-8"?>
<!-- Generated by org.testng.reporters.JUnitReportReporter -->
<testsuite skipped="0" hostname="DESKTOP-73G0TGN" name="window.AssertClass" tests="1" failures="0" timestamp="2022-11-13T09:04:30 IST" time="27.337" errors="0">
  <testcase name="verify" time="27.337" classname="window.AssertClass"/>
  <system-out/>
</testsuite> <!-- window.AssertClass -->
