<?xml version="1.0" encoding="UTF-8"?>
<!-- Generated by org.testng.reporters.JUnitReportReporter -->
<testsuite skipped="0" hostname="DESKTOP-73G0TGN" name="core.TestNG_Demo" tests="1" failures="0" timestamp="2022-10-29T08:00:47 IST" time="31.715" errors="0">
  <testcase name="testDemo" time="31.715" classname="core.TestNG_Demo"/>
  <system-out/>
</testsuite> <!-- core.TestNG_Demo -->
