<?xml version="1.0" encoding="UTF-8"?>
<!-- Generated by org.testng.reporters.JUnitReportReporter -->
<testsuite skipped="0" hostname="DESKTOP-73G0TGN" name="core.LoginScenario" tests="4" failures="0" timestamp="2022-10-30T08:08:15 IST" time="41.834" errors="0">
  <testcase name="blankLogin" time="10.755" classname="core.LoginScenario"/>
  <system-out/>
  <testcase name="inValidPass" time="9.092" classname="core.LoginScenario"/>
  <system-out/>
  <testcase name="validLogin" time="11.116" classname="core.LoginScenario"/>
  <system-out/>
  <testcase name="inValidLogin" time="10.871" classname="core.LoginScenario"/>
  <system-out/>
</testsuite> <!-- core.LoginScenario -->
