<?xml version="1.0" encoding="UTF-8"?>
<!-- Generated by org.testng.reporters.JUnitReportReporter -->
<testsuite skipped="0" hostname="DESKTOP-73G0TGN" name="test.DependsOnLogin" tests="3" failures="0" timestamp="2022-10-30T08:55:46 IST" time="5.413" errors="0">
  <testcase name="pimTest" time="3.760" classname="test.DependsOnLogin"/>
  <system-out/>
  <testcase name="addEmployeeTest" time="0.779" classname="test.DependsOnLogin"/>
  <system-out/>
  <testcase name="validLogin" time="0.874" classname="test.DependsOnLogin"/>
  <system-out/>
</testsuite> <!-- test.DependsOnLogin -->
