<?xml version="1.0" encoding="UTF-8"?>
<!-- Generated by org.testng.reporters.JUnitReportReporter -->
<testsuite skipped="0" hostname="DESKTOP-73G0TGN" name="core.TestNG_Basic" tests="1" failures="0" timestamp="2022-10-29T08:23:19 IST" time="13.748" errors="0">
  <testcase name="testCase" time="13.748" classname="core.TestNG_Basic"/>
  <system-out/>
</testsuite> <!-- core.TestNG_Basic -->
