<?xml version="1.0" encoding="UTF-8"?>
<!-- Generated by org.testng.reporters.JUnitReportReporter -->
<testsuite skipped="0" hostname="DESKTOP-73G0TGN" name="test.TestNGAnnotations" tests="3" failures="0" timestamp="2022-10-30T08:52:22 IST" time="0.023" errors="0">
  <testcase name="testCaseOne" time="0.018" classname="test.TestNGAnnotations"/>
  <system-out/>
  <testcase name="testCaseThree" time="0.002" classname="test.TestNGAnnotations"/>
  <system-out/>
  <testcase name="testCaseTwo" time="0.003" classname="test.TestNGAnnotations"/>
  <system-out/>
</testsuite> <!-- test.TestNGAnnotations -->
