<?xml version="1.0" encoding="UTF-8"?>
<!-- Generated by org.testng.reporters.JUnitReportReporter -->
<testsuite skipped="0" hostname="DESKTOP-73G0TGN" name="test.PriorityClass" tests="3" failures="0" timestamp="2022-10-30T08:15:16 IST" time="0.015" errors="0">
  <testcase name="testCaseThree" time="0.009" classname="test.PriorityClass"/>
  <system-out/>
  <testcase name="testCaseOne" time="0.002" classname="test.PriorityClass"/>
  <system-out/>
  <testcase name="testCaseTwo" time="0.004" classname="test.PriorityClass"/>
  <system-out/>
</testsuite> <!-- test.PriorityClass -->
