<?xml version="1.0" encoding="UTF-8"?>
<!-- Generated by org.testng.reporters.JUnitReportReporter -->
<testsuite skipped="0" hostname="DESKTOP-73G0TGN" name="test.Grouping" tests="5" failures="0" timestamp="2022-11-05T09:09:42 IST" time="0.016" errors="0">
  <testcase name="testcaseThree" time="0.003" classname="test.Grouping"/>
  <system-out/>
  <testcase name="testcaseFour" time="0.002" classname="test.Grouping"/>
  <system-out/>
  <testcase name="testcaseOne" time="0.008" classname="test.Grouping"/>
  <system-out/>
  <testcase name="testcaseTwo" time="0.001" classname="test.Grouping"/>
  <system-out/>
  <testcase name="testcaseFive" time="0.002" classname="test.Grouping"/>
  <system-out/>
</testsuite> <!-- test.Grouping -->
