<?xml version="1.0" encoding="UTF-8"?>
<!-- Generated by org.testng.reporters.JUnitReportReporter -->
<testsuite skipped="0" hostname="DESKTOP-73G0TGN" name="window.WindowHandles" tests="1" failures="0" timestamp="2022-11-13T08:31:51 IST" time="23.535" errors="0">
  <testcase name="window" time="23.535" classname="window.WindowHandles"/>
  <system-out/>
</testsuite> <!-- window.WindowHandles -->
