<?xml version="1.0" encoding="UTF-8"?>
<!-- Generated by org.testng.reporters.JUnitReportReporter -->
<testsuite skipped="0" hostname="DESKTOP-73G0TGN" name="core.LoginScenario" tests="4" failures="0" timestamp="2022-10-29T08:48:12 IST" time="61.402" errors="0">
  <testcase name="blankLogin" time="14.830" classname="core.LoginScenario"/>
  <system-out/>
  <testcase name="validLogin" time="18.219" classname="core.LoginScenario"/>
  <system-out/>
  <testcase name="inValidLogin" time="15.456" classname="core.LoginScenario"/>
  <system-out/>
  <testcase name="inValidPass" time="12.897" classname="core.LoginScenario"/>
  <system-out/>
</testsuite> <!-- core.LoginScenario -->
